<?xml version="1.0" encoding="UTF-8"?>
<!-- Generated by org.testng.reporters.JUnitReportReporter -->
<testsuite hostname="FCU-NBK859" failures="0" tests="6" name="api.test.DDTests" time="4.600" errors="0" timestamp="2023-04-13T10:55:26 MESZ" skipped="0">
  <testcase classname="api.test.DDTests" name="testPostuser" time="1.746"/>
  <system-out/>
  <testcase classname="api.test.DDTests" name="testPostuser" time="0.572"/>
  <system-out/>
  <testcase classname="api.test.DDTests" name="testPostuser" time="0.573"/>
  <system-out/>
  <testcase classname="api.test.DDTests" name="testDeleteUserByName" time="0.568"/>
  <system-out/>
  <testcase classname="api.test.DDTests" name="testDeleteUserByName" time="0.585"/>
  <system-out/>
  <testcase classname="api.test.DDTests" name="testDeleteUserByName" time="0.556"/>
  <system-out/>
</testsuite> <!-- api.test.DDTests -->
