<?xml version="1.0" encoding="UTF-8"?>
<!-- Generated by org.testng.reporters.JUnitReportReporter -->
<testsuite hostname="FCU-NBK859" failures="0" tests="4" name="api.test.UserTests" time="4.019" errors="0" timestamp="2023-04-13T13:59:17 MESZ" skipped="0">
  <testcase classname="api.test.UserTests" name="testPostUser" time="1.651"/>
  <system-out/>
  <testcase classname="api.test.UserTests" name="testGetUserByName" time="0.611"/>
  <system-out/>
  <testcase classname="api.test.UserTests" name="testUpdateUserByName" time="1.180"/>
  <system-out/>
  <testcase classname="api.test.UserTests" name="testDeleteUserByName" time="0.577"/>
  <system-out/>
</testsuite> <!-- api.test.UserTests -->
