<?xml version="1.0" encoding="UTF-8"?>
<!-- Generated by org.testng.reporters.JUnitReportReporter -->
<testsuite hostname="FCU-NBK859" failures="0" tests="4" name="day1.HTTPRequests" time="6.266" errors="0" timestamp="2023-04-06T12:52:11 MESZ" skipped="0">
  <testcase classname="day1.HTTPRequests" name="getUser" time="5.007"/>
  <system-out/>
  <testcase classname="day1.HTTPRequests" name="createUser" time="0.838"/>
  <system-out/>
  <testcase classname="day1.HTTPRequests" name="updateUser" time="0.208"/>
  <system-out/>
  <testcase classname="day1.HTTPRequests" name="delete" time="0.213"/>
  <system-out/>
</testsuite> <!-- day1.HTTPRequests -->
