<?xml version="1.0" encoding="UTF-8"?>
<!-- Generated by org.testng.reporters.JUnitReportReporter -->
<testsuite hostname="FCU-NBK859" failures="0" tests="4" name="api.test.UserTests" time="3.790" errors="0" timestamp="2023-04-14T10:54:32 MESZ" skipped="0">
  <testcase classname="api.test.UserTests" name="testPostUser" time="1.476"/>
  <system-out/>
  <testcase classname="api.test.UserTests" name="testGetUserByName" time="0.581"/>
  <system-out/>
  <testcase classname="api.test.UserTests" name="testUpdateUserByName" time="1.163"/>
  <system-out/>
  <testcase classname="api.test.UserTests" name="testDeleteUserByName" time="0.570"/>
  <system-out/>
</testsuite> <!-- api.test.UserTests -->
